<?xml version="1.0" encoding="UTF-8"?>
<coverage generated="1728420932849" clover="3.2.0">
  <project timestamp="1728420932849" name="All files">
    <metrics statements="167" coveredstatements="138" conditionals="47" coveredconditionals="36" methods="68" coveredmethods="50" elements="282" coveredelements="224" complexity="0" loc="167" ncloc="167" packages="21" files="27" classes="27"/>
    <package name="components.Button">
      <metrics statements="1" coveredstatements="1" conditionals="4" coveredconditionals="2" methods="1" coveredmethods="1"/>
      <file name="index.tsx" path="D:\projetos\react-native\movies-app\src\components\Button\index.tsx">
        <metrics statements="1" coveredstatements="1" conditionals="4" coveredconditionals="2" methods="1" coveredmethods="1"/>
        <line num="12" count="30" type="stmt"/>
      </file>
    </package>
    <package name="components.ButtonIcon">
      <metrics statements="2" coveredstatements="2" conditionals="4" coveredconditionals="3" methods="1" coveredmethods="1"/>
      <file name="index.tsx" path="D:\projetos\react-native\movies-app\src\components\ButtonIcon\index.tsx">
        <metrics statements="2" coveredstatements="2" conditionals="4" coveredconditionals="3" methods="1" coveredmethods="1"/>
        <line num="14" count="13" type="stmt"/>
        <line num="15" count="13" type="stmt"/>
      </file>
    </package>
    <package name="components.Header">
      <metrics statements="4" coveredstatements="3" conditionals="0" coveredconditionals="0" methods="2" coveredmethods="1"/>
      <file name="index.tsx" path="D:\projetos\react-native\movies-app\src\components\Header\index.tsx">
        <metrics statements="4" coveredstatements="3" conditionals="0" coveredconditionals="0" methods="2" coveredmethods="1"/>
        <line num="12" count="7" type="stmt"/>
        <line num="13" count="7" type="stmt"/>
        <line num="14" count="7" type="stmt"/>
        <line num="33" count="0" type="stmt"/>
      </file>
    </package>
    <package name="components.Input">
      <metrics statements="7" coveredstatements="4" conditionals="5" coveredconditionals="5" methods="4" coveredmethods="1"/>
      <file name="index.tsx" path="D:\projetos\react-native\movies-app\src\components\Input\index.tsx">
        <metrics statements="7" coveredstatements="4" conditionals="5" coveredconditionals="5" methods="4" coveredmethods="1"/>
        <line num="15" count="1" type="cond" truecount="1" falsecount="0"/>
        <line num="16" count="60" type="stmt"/>
        <line num="17" count="60" type="stmt"/>
        <line num="18" count="60" type="stmt"/>
        <line num="40" count="0" type="stmt"/>
        <line num="41" count="0" type="stmt"/>
        <line num="51" count="0" type="stmt"/>
      </file>
    </package>
    <package name="components.Loading">
      <metrics statements="1" coveredstatements="1" conditionals="0" coveredconditionals="0" methods="1" coveredmethods="1"/>
      <file name="index.tsx" path="D:\projetos\react-native\movies-app\src\components\Loading\index.tsx">
        <metrics statements="1" coveredstatements="1" conditionals="0" coveredconditionals="0" methods="1" coveredmethods="1"/>
        <line num="10" count="20" type="stmt"/>
      </file>
    </package>
    <package name="components.MovieInfo">
      <metrics statements="2" coveredstatements="2" conditionals="0" coveredconditionals="0" methods="1" coveredmethods="1"/>
      <file name="index.tsx" path="D:\projetos\react-native\movies-app\src\components\MovieInfo\index.tsx">
        <metrics statements="2" coveredstatements="2" conditionals="0" coveredconditionals="0" methods="1" coveredmethods="1"/>
        <line num="16" count="4" type="stmt"/>
        <line num="17" count="4" type="stmt"/>
      </file>
    </package>
    <package name="components.MoviePoster">
      <metrics statements="1" coveredstatements="1" conditionals="0" coveredconditionals="0" methods="1" coveredmethods="1"/>
      <file name="index.tsx" path="D:\projetos\react-native\movies-app\src\components\MoviePoster\index.tsx">
        <metrics statements="1" coveredstatements="1" conditionals="0" coveredconditionals="0" methods="1" coveredmethods="1"/>
        <line num="9" count="39" type="stmt"/>
      </file>
    </package>
    <package name="components.NetInfo">
      <metrics statements="2" coveredstatements="0" conditionals="0" coveredconditionals="0" methods="1" coveredmethods="0"/>
      <file name="index.tsx" path="D:\projetos\react-native\movies-app\src\components\NetInfo\index.tsx">
        <metrics statements="2" coveredstatements="0" conditionals="0" coveredconditionals="0" methods="1" coveredmethods="0"/>
        <line num="7" count="0" type="stmt"/>
        <line num="8" count="0" type="stmt"/>
      </file>
    </package>
    <package name="components.Typography">
      <metrics statements="1" coveredstatements="1" conditionals="0" coveredconditionals="0" methods="1" coveredmethods="1"/>
      <file name="index.tsx" path="D:\projetos\react-native\movies-app\src\components\Typography\index.tsx">
        <metrics statements="1" coveredstatements="1" conditionals="0" coveredconditionals="0" methods="1" coveredmethods="1"/>
        <line num="13" count="56" type="stmt"/>
      </file>
    </package>
    <package name="contexts">
      <metrics statements="38" coveredstatements="31" conditionals="4" coveredconditionals="4" methods="10" coveredmethods="8"/>
      <file name="AuthContext.tsx" path="D:\projetos\react-native\movies-app\src\contexts\AuthContext.tsx">
        <metrics statements="18" coveredstatements="14" conditionals="4" coveredconditionals="4" methods="5" coveredmethods="4"/>
        <line num="15" count="4" type="stmt"/>
        <line num="18" count="20" type="stmt"/>
        <line num="19" count="20" type="stmt"/>
        <line num="20" count="20" type="stmt"/>
        <line num="22" count="20" type="stmt"/>
        <line num="25" count="3" type="stmt"/>
        <line num="26" count="3" type="stmt"/>
        <line num="27" count="3" type="stmt"/>
        <line num="28" count="3" type="stmt"/>
        <line num="29" count="2" type="cond" truecount="4" falsecount="0"/>
        <line num="30" count="1" type="stmt"/>
        <line num="32" count="1" type="stmt"/>
        <line num="35" count="0" type="stmt"/>
        <line num="37" count="2" type="stmt"/>
        <line num="42" count="0" type="stmt"/>
        <line num="43" count="0" type="stmt"/>
        <line num="45" count="0" type="stmt"/>
        <line num="49" count="20" type="stmt"/>
      </file>
      <file name="MovieContext.tsx" path="D:\projetos\react-native\movies-app\src\contexts\MovieContext.tsx">
        <metrics statements="20" coveredstatements="17" conditionals="0" coveredconditionals="0" methods="5" coveredmethods="4"/>
        <line num="20" count="4" type="stmt"/>
        <line num="23" count="49" type="stmt"/>
        <line num="24" count="49" type="stmt"/>
        <line num="25" count="49" type="stmt"/>
        <line num="26" count="49" type="stmt"/>
        <line num="29" count="13" type="stmt"/>
        <line num="30" count="13" type="stmt"/>
        <line num="31" count="13" type="stmt"/>
        <line num="32" count="7" type="stmt"/>
        <line num="33" count="7" type="stmt"/>
        <line num="35" count="1" type="stmt"/>
        <line num="37" count="8" type="stmt"/>
        <line num="42" count="0" type="stmt"/>
        <line num="43" count="0" type="stmt"/>
        <line num="44" count="0" type="stmt"/>
        <line num="48" count="3" type="stmt"/>
        <line num="49" count="3" type="stmt"/>
        <line num="52" count="49" type="stmt"/>
        <line num="53" count="13" type="stmt"/>
        <line num="56" count="49" type="stmt"/>
      </file>
    </package>
    <package name="dtos">
      <metrics statements="0" coveredstatements="0" conditionals="0" coveredconditionals="0" methods="0" coveredmethods="0"/>
      <file name="movie.ts" path="D:\projetos\react-native\movies-app\src\dtos\movie.ts">
        <metrics statements="0" coveredstatements="0" conditionals="0" coveredconditionals="0" methods="0" coveredmethods="0"/>
      </file>
    </package>
    <package name="hooks">
      <metrics statements="4" coveredstatements="4" conditionals="0" coveredconditionals="0" methods="2" coveredmethods="2"/>
      <file name="useAuth.ts" path="D:\projetos\react-native\movies-app\src\hooks\useAuth.ts">
        <metrics statements="2" coveredstatements="2" conditionals="0" coveredconditionals="0" methods="1" coveredmethods="1"/>
        <line num="5" count="66" type="stmt"/>
        <line num="6" count="66" type="stmt"/>
      </file>
      <file name="useMovie.ts" path="D:\projetos\react-native\movies-app\src\hooks\useMovie.ts">
        <metrics statements="2" coveredstatements="2" conditionals="0" coveredconditionals="0" methods="1" coveredmethods="1"/>
        <line num="5" count="27" type="stmt"/>
        <line num="6" count="27" type="stmt"/>
      </file>
    </package>
    <package name="libs.asyncStorage">
      <metrics statements="8" coveredstatements="7" conditionals="2" coveredconditionals="2" methods="3" coveredmethods="2"/>
      <file name="favoriteMoviesStorage.ts" path="D:\projetos\react-native\movies-app\src\libs\asyncStorage\favoriteMoviesStorage.ts">
        <metrics statements="8" coveredstatements="7" conditionals="2" coveredconditionals="2" methods="3" coveredmethods="2"/>
        <line num="4" count="5" type="stmt"/>
        <line num="7" count="8" type="stmt"/>
        <line num="8" count="8" type="cond" truecount="2" falsecount="0"/>
        <line num="9" count="8" type="stmt"/>
        <line num="13" count="4" type="stmt"/>
        <line num="14" count="4" type="stmt"/>
        <line num="15" count="4" type="stmt"/>
        <line num="20" count="0" type="stmt"/>
      </file>
    </package>
    <package name="routes">
      <metrics statements="13" coveredstatements="13" conditionals="2" coveredconditionals="2" methods="5" coveredmethods="5"/>
      <file name="app.routes.tsx" path="D:\projetos\react-native\movies-app\src\routes\app.routes.tsx">
        <metrics statements="3" coveredstatements="3" conditionals="0" coveredconditionals="0" methods="2" coveredmethods="2"/>
        <line num="12" count="3" type="stmt"/>
        <line num="15" count="4" type="stmt"/>
        <line num="30" count="7" type="stmt"/>
      </file>
      <file name="app.tabs.routes.tsx" path="D:\projetos\react-native\movies-app\src\routes\app.tabs.routes.tsx">
        <metrics statements="3" coveredstatements="3" conditionals="0" coveredconditionals="0" methods="1" coveredmethods="1"/>
        <line num="12" count="3" type="stmt"/>
        <line num="15" count="3" type="stmt"/>
        <line num="16" count="3" type="stmt"/>
      </file>
      <file name="auth.routes.tsx" path="D:\projetos\react-native\movies-app\src\routes\auth.routes.tsx">
        <metrics statements="2" coveredstatements="2" conditionals="0" coveredconditionals="0" methods="1" coveredmethods="1"/>
        <line num="4" count="1" type="stmt"/>
        <line num="7" count="12" type="stmt"/>
      </file>
      <file name="index.tsx" path="D:\projetos\react-native\movies-app\src\routes\index.tsx">
        <metrics statements="5" coveredstatements="5" conditionals="2" coveredconditionals="2" methods="1" coveredmethods="1"/>
        <line num="9" count="14" type="stmt"/>
        <line num="10" count="14" type="stmt"/>
        <line num="12" count="14" type="stmt"/>
        <line num="13" count="14" type="stmt"/>
        <line num="15" count="14" type="stmt"/>
      </file>
    </package>
    <package name="screens.AllMovies">
      <metrics statements="8" coveredstatements="8" conditionals="4" coveredconditionals="4" methods="4" coveredmethods="4"/>
      <file name="index.tsx" path="D:\projetos\react-native\movies-app\src\screens\AllMovies\index.tsx">
        <metrics statements="8" coveredstatements="8" conditionals="4" coveredconditionals="4" methods="4" coveredmethods="4"/>
        <line num="14" count="17" type="stmt"/>
        <line num="15" count="17" type="stmt"/>
        <line num="17" count="17" type="cond" truecount="2" falsecount="0"/>
        <line num="19" count="9" type="cond" truecount="2" falsecount="0"/>
        <line num="25" count="8" type="stmt"/>
        <line num="29" count="43" type="stmt"/>
        <line num="32" count="35" type="stmt"/>
        <line num="35" count="1" type="stmt"/>
      </file>
    </package>
    <package name="screens.FavoriteMovies">
      <metrics statements="9" coveredstatements="8" conditionals="2" coveredconditionals="2" methods="5" coveredmethods="4"/>
      <file name="index.tsx" path="D:\projetos\react-native\movies-app\src\screens\FavoriteMovies\index.tsx">
        <metrics statements="9" coveredstatements="8" conditionals="2" coveredconditionals="2" methods="5" coveredmethods="4"/>
        <line num="9" count="9" type="stmt"/>
        <line num="10" count="9" type="stmt"/>
        <line num="12" count="9" type="cond" truecount="2" falsecount="0"/>
        <line num="14" count="4" type="stmt"/>
        <line num="15" count="3" type="stmt"/>
        <line num="18" count="4" type="stmt"/>
        <line num="22" count="6" type="stmt"/>
        <line num="25" count="4" type="stmt"/>
        <line num="28" count="0" type="stmt"/>
      </file>
    </package>
    <package name="screens.MovieDetails">
      <metrics statements="27" coveredstatements="17" conditionals="12" coveredconditionals="4" methods="12" coveredmethods="6"/>
      <file name="index.tsx" path="D:\projetos\react-native\movies-app\src\screens\MovieDetails\index.tsx">
        <metrics statements="27" coveredstatements="17" conditionals="12" coveredconditionals="4" methods="12" coveredmethods="6"/>
        <line num="28" count="1" type="stmt"/>
        <line num="29" count="1" type="stmt"/>
        <line num="30" count="1" type="stmt"/>
        <line num="31" count="1" type="stmt"/>
        <line num="32" count="1" type="stmt"/>
        <line num="36" count="1" type="stmt"/>
        <line num="38" count="1" type="stmt"/>
        <line num="39" count="0" type="stmt"/>
        <line num="40" count="0" type="stmt"/>
        <line num="42" count="0" type="cond" truecount="0" falsecount="2"/>
        <line num="43" count="0" type="stmt"/>
        <line num="45" count="0" type="stmt"/>
        <line num="50" count="0" type="stmt"/>
        <line num="51" count="0" type="cond" truecount="0" falsecount="2"/>
        <line num="52" count="0" type="stmt"/>
        <line num="53" count="0" type="stmt"/>
        <line num="57" count="1" type="stmt"/>
        <line num="58" count="1" type="cond" truecount="1" falsecount="1"/>
        <line num="59" count="0" type="stmt"/>
        <line num="61" count="1" type="stmt"/>
        <line num="65" count="1" type="stmt"/>
        <line num="66" count="1" type="stmt"/>
        <line num="67" count="1" type="stmt"/>
        <line num="72" count="1" type="cond" truecount="1" falsecount="1"/>
        <line num="74" count="1" type="stmt"/>
        <line num="78" count="1" type="stmt"/>
        <line num="84" count="1" type="stmt"/>
      </file>
    </package>
    <package name="screens.SignIn">
      <metrics statements="31" coveredstatements="27" conditionals="8" coveredconditionals="8" methods="12" coveredmethods="9"/>
      <file name="index.tsx" path="D:\projetos\react-native\movies-app\src\screens\SignIn\index.tsx">
        <metrics statements="31" coveredstatements="27" conditionals="8" coveredconditionals="8" methods="12" coveredmethods="9"/>
        <line num="20" count="1" type="stmt"/>
        <line num="26" count="45" type="stmt"/>
        <line num="27" count="45" type="stmt"/>
        <line num="28" count="45" type="stmt"/>
        <line num="29" count="45" type="stmt"/>
        <line num="30" count="45" type="stmt"/>
        <line num="32" count="45" type="stmt"/>
        <line num="35" count="45" type="stmt"/>
        <line num="38" count="30" type="cond" truecount="4" falsecount="0"/>
        <line num="39" count="11" type="stmt"/>
        <line num="43" count="3" type="stmt"/>
        <line num="44" count="3" type="stmt"/>
        <line num="46" count="0" type="stmt"/>
        <line num="50" count="45" type="stmt"/>
        <line num="51" count="7" type="stmt"/>
        <line num="54" count="0" type="stmt"/>
        <line num="57" count="7" type="stmt"/>
        <line num="60" count="0" type="stmt"/>
        <line num="64" count="7" type="stmt"/>
        <line num="65" count="7" type="stmt"/>
        <line num="66" count="7" type="stmt"/>
        <line num="70" count="45" type="stmt"/>
        <line num="71" count="8" type="cond" truecount="2" falsecount="0"/>
        <line num="72" count="1" type="stmt"/>
        <line num="73" count="1" type="stmt"/>
        <line num="77" count="45" type="stmt"/>
        <line num="78" count="30" type="stmt"/>
        <line num="81" count="45" type="stmt"/>
        <line num="98" count="30" type="stmt"/>
        <line num="107" count="0" type="stmt"/>
        <line num="116" count="30" type="stmt"/>
      </file>
    </package>
    <package name="services">
      <metrics statements="7" coveredstatements="7" conditionals="0" coveredconditionals="0" methods="1" coveredmethods="1"/>
      <file name="api.ts" path="D:\projetos\react-native\movies-app\src\services\api.ts">
        <metrics statements="3" coveredstatements="3" conditionals="0" coveredconditionals="0" methods="0" coveredmethods="0"/>
        <line num="3" count="5" type="stmt"/>
        <line num="4" count="5" type="stmt"/>
        <line num="6" count="5" type="stmt"/>
      </file>
      <file name="getMoviesList.ts" path="D:\projetos\react-native\movies-app\src\services\getMoviesList.ts">
        <metrics statements="4" coveredstatements="4" conditionals="0" coveredconditionals="0" methods="1" coveredmethods="1"/>
        <line num="5" count="14" type="stmt"/>
        <line num="6" count="14" type="stmt"/>
        <line num="7" count="8" type="stmt"/>
        <line num="9" count="1" type="stmt"/>
      </file>
    </package>
    <package name="theme">
      <metrics statements="0" coveredstatements="0" conditionals="0" coveredconditionals="0" methods="0" coveredmethods="0"/>
      <file name="index.ts" path="D:\projetos\react-native\movies-app\src\theme\index.ts">
        <metrics statements="0" coveredstatements="0" conditionals="0" coveredconditionals="0" methods="0" coveredmethods="0"/>
      </file>
    </package>
    <package name="utils">
      <metrics statements="1" coveredstatements="1" conditionals="0" coveredconditionals="0" methods="1" coveredmethods="1"/>
      <file name="AppError.ts" path="D:\projetos\react-native\movies-app\src\utils\AppError.ts">
        <metrics statements="1" coveredstatements="1" conditionals="0" coveredconditionals="0" methods="1" coveredmethods="1"/>
        <line num="5" count="1" type="stmt"/>
      </file>
    </package>
  </project>
</coverage>
