{"D:\\projetos\\react-native\\movies-app\\src\\components\\Button\\index.tsx": {"path":"D:\\projetos\\react-native\\movies-app\\src\\components\\Button\\index.tsx","statementMap":{"0":{"start":{"line":12,"column":2},"end":{"line":25,"column":4}}},"fnMap":{"0":{"name":"Button","decl":{"start":{"line":11,"column":16},"end":{"line":11,"column":22}},"loc":{"start":{"line":11,"column":104},"end":{"line":26,"column":1}},"line":11}},"branchMap":{"0":{"loc":{"start":{"line":11,"column":42},"end":{"line":11,"column":58}},"type":"default-arg","locations":[{"start":{"line":11,"column":53},"end":{"line":11,"column":58}}],"line":11},"1":{"loc":{"start":{"line":11,"column":60},"end":{"line":11,"column":77}},"type":"default-arg","locations":[{"start":{"line":11,"column":72},"end":{"line":11,"column":77}}],"line":11},"2":{"loc":{"start":{"line":18,"column":8},"end":{"line":21,"column":19}},"type":"cond-expr","locations":[{"start":{"line":18,"column":20},"end":{"line":18,"column":31}},{"start":{"line":19,"column":10},"end":{"line":21,"column":19}}],"line":18}},"s":{"0":30},"f":{"0":30},"b":{"0":[0],"1":[0],"2":[7,23]},"_coverageSchema":"1a1c01bbd47fc00a2c39e90264f33305004495a9","hash":"d00fc00d98d52f8a3f0a383b1b41804cf6494351"}
,"D:\\projetos\\react-native\\movies-app\\src\\components\\ButtonIcon\\index.tsx": {"path":"D:\\projetos\\react-native\\movies-app\\src\\components\\ButtonIcon\\index.tsx","statementMap":{"0":{"start":{"line":14,"column":21},"end":{"line":14,"column":31}},"1":{"start":{"line":15,"column":2},"end":{"line":24,"column":4}}},"fnMap":{"0":{"name":"CustomIcon","decl":{"start":{"line":13,"column":16},"end":{"line":13,"column":26}},"loc":{"start":{"line":13,"column":95},"end":{"line":25,"column":1}},"line":13}},"branchMap":{"0":{"loc":{"start":{"line":20,"column":15},"end":{"line":20,"column":53}},"type":"cond-expr","locations":[{"start":{"line":20,"column":27},"end":{"line":20,"column":36}},{"start":{"line":20,"column":39},"end":{"line":20,"column":53}}],"line":20},"1":{"loc":{"start":{"line":21,"column":14},"end":{"line":21,"column":46}},"type":"cond-expr","locations":[{"start":{"line":21,"column":21},"end":{"line":21,"column":30}},{"start":{"line":21,"column":33},"end":{"line":21,"column":46}}],"line":21}},"s":{"0":13,"1":13},"f":{"0":13},"b":{"0":[13,0],"1":[1,12]},"_coverageSchema":"1a1c01bbd47fc00a2c39e90264f33305004495a9","hash":"df8210bb7d4c8b3c611f1d10f7cf5d3331e7e657"}
,"D:\\projetos\\react-native\\movies-app\\src\\components\\Header\\index.tsx": {"path":"D:\\projetos\\react-native\\movies-app\\src\\components\\Header\\index.tsx","statementMap":{"0":{"start":{"line":12,"column":16},"end":{"line":12,"column":26}},"1":{"start":{"line":13,"column":22},"end":{"line":13,"column":31}},"2":{"start":{"line":14,"column":2},"end":{"line":51,"column":4}},"3":{"start":{"line":33,"column":49},"end":{"line":33,"column":58}}},"fnMap":{"0":{"name":"Header","decl":{"start":{"line":11,"column":16},"end":{"line":11,"column":22}},"loc":{"start":{"line":11,"column":25},"end":{"line":52,"column":1}},"line":11},"1":{"name":"(anonymous_1)","decl":{"start":{"line":33,"column":43},"end":{"line":33,"column":44}},"loc":{"start":{"line":33,"column":49},"end":{"line":33,"column":58}},"line":33}},"branchMap":{},"s":{"0":7,"1":7,"2":7,"3":0},"f":{"0":7,"1":0},"b":{},"_coverageSchema":"1a1c01bbd47fc00a2c39e90264f33305004495a9","hash":"d8d769b4ecba513cf51a29453822c53193048f7d"}
,"D:\\projetos\\react-native\\movies-app\\src\\components\\Input\\index.tsx": {"path":"D:\\projetos\\react-native\\movies-app\\src\\components\\Input\\index.tsx","statementMap":{"0":{"start":{"line":15,"column":21},"end":{"line":72,"column":2}},"1":{"start":{"line":16,"column":21},"end":{"line":16,"column":31}},"2":{"start":{"line":17,"column":36},"end":{"line":17,"column":51}},"3":{"start":{"line":18,"column":2},"end":{"line":71,"column":3}},"4":{"start":{"line":40,"column":27},"end":{"line":40,"column":45}},"5":{"start":{"line":41,"column":26},"end":{"line":41,"column":45}},"6":{"start":{"line":51,"column":25},"end":{"line":51,"column":43}}},"fnMap":{"0":{"name":"(anonymous_0)","decl":{"start":{"line":15,"column":56},"end":{"line":15,"column":57}},"loc":{"start":{"line":15,"column":150},"end":{"line":72,"column":1}},"line":15},"1":{"name":"(anonymous_1)","decl":{"start":{"line":40,"column":21},"end":{"line":40,"column":22}},"loc":{"start":{"line":40,"column":27},"end":{"line":40,"column":45}},"line":40},"2":{"name":"(anonymous_2)","decl":{"start":{"line":41,"column":20},"end":{"line":41,"column":21}},"loc":{"start":{"line":41,"column":26},"end":{"line":41,"column":45}},"line":41},"3":{"name":"(anonymous_3)","decl":{"start":{"line":51,"column":19},"end":{"line":51,"column":20}},"loc":{"start":{"line":51,"column":25},"end":{"line":51,"column":43}},"line":51}},"branchMap":{"0":{"loc":{"start":{"line":15,"column":113},"end":{"line":15,"column":128}},"type":"default-arg","locations":[{"start":{"line":15,"column":123},"end":{"line":15,"column":128}}],"line":15},"1":{"loc":{"start":{"line":30,"column":12},"end":{"line":34,"column":13}},"type":"binary-expr","locations":[{"start":{"line":30,"column":12},"end":{"line":30,"column":27}},{"start":{"line":31,"column":14},"end":{"line":33,"column":29}}],"line":30},"2":{"loc":{"start":{"line":65,"column":8},"end":{"line":67,"column":9}},"type":"binary-expr","locations":[{"start":{"line":65,"column":8},"end":{"line":65,"column":22}},{"start":{"line":66,"column":10},"end":{"line":66,"column":63}}],"line":65}},"s":{"0":1,"1":60,"2":60,"3":60,"4":0,"5":0,"6":0},"f":{"0":60,"1":0,"2":0,"3":0},"b":{"0":[60],"1":[60,38],"2":[60,6]},"_coverageSchema":"1a1c01bbd47fc00a2c39e90264f33305004495a9","hash":"d3b58df859456795f238010c4b5e023242f7f0ca"}
,"D:\\projetos\\react-native\\movies-app\\src\\components\\Loading\\index.tsx": {"path":"D:\\projetos\\react-native\\movies-app\\src\\components\\Loading\\index.tsx","statementMap":{"0":{"start":{"line":10,"column":2},"end":{"line":16,"column":3}}},"fnMap":{"0":{"name":"Loading","decl":{"start":{"line":9,"column":16},"end":{"line":9,"column":23}},"loc":{"start":{"line":9,"column":51},"end":{"line":17,"column":1}},"line":9}},"branchMap":{},"s":{"0":20},"f":{"0":20},"b":{},"_coverageSchema":"1a1c01bbd47fc00a2c39e90264f33305004495a9","hash":"77a340ef57a6aba2004c7f5eec0785e648802adb"}
,"D:\\projetos\\react-native\\movies-app\\src\\components\\MovieInfo\\index.tsx": {"path":"D:\\projetos\\react-native\\movies-app\\src\\components\\MovieInfo\\index.tsx","statementMap":{"0":{"start":{"line":16,"column":16},"end":{"line":16,"column":26}},"1":{"start":{"line":17,"column":2},"end":{"line":45,"column":3}}},"fnMap":{"0":{"name":"MovieInfo","decl":{"start":{"line":15,"column":16},"end":{"line":15,"column":25}},"loc":{"start":{"line":15,"column":70},"end":{"line":46,"column":1}},"line":15}},"branchMap":{},"s":{"0":4,"1":4},"f":{"0":4},"b":{},"_coverageSchema":"1a1c01bbd47fc00a2c39e90264f33305004495a9","hash":"f17ab45c25510ea178aeff0fafafa84151e3247e"}
,"D:\\projetos\\react-native\\movies-app\\src\\components\\MoviePoster\\index.tsx": {"path":"D:\\projetos\\react-native\\movies-app\\src\\components\\MoviePoster\\index.tsx","statementMap":{"0":{"start":{"line":9,"column":2},"end":{"line":15,"column":4}}},"fnMap":{"0":{"name":"MoviePoster","decl":{"start":{"line":8,"column":16},"end":{"line":8,"column":27}},"loc":{"start":{"line":8,"column":66},"end":{"line":16,"column":1}},"line":8}},"branchMap":{},"s":{"0":39},"f":{"0":39},"b":{},"_coverageSchema":"1a1c01bbd47fc00a2c39e90264f33305004495a9","hash":"b3a2937346241d39a04cd6740a94292ca86d3713"}
,"D:\\projetos\\react-native\\movies-app\\src\\components\\NetInfo\\index.tsx": {"path":"D:\\projetos\\react-native\\movies-app\\src\\components\\NetInfo\\index.tsx","statementMap":{"0":{"start":{"line":7,"column":16},"end":{"line":7,"column":26}},"1":{"start":{"line":8,"column":2},"end":{"line":14,"column":4}}},"fnMap":{"0":{"name":"NetInfo","decl":{"start":{"line":6,"column":16},"end":{"line":6,"column":23}},"loc":{"start":{"line":6,"column":26},"end":{"line":15,"column":1}},"line":6}},"branchMap":{},"s":{"0":0,"1":0},"f":{"0":0},"b":{}}
,"D:\\projetos\\react-native\\movies-app\\src\\components\\Typography\\index.tsx": {"path":"D:\\projetos\\react-native\\movies-app\\src\\components\\Typography\\index.tsx","statementMap":{"0":{"start":{"line":13,"column":2},"end":{"line":23,"column":3}}},"fnMap":{"0":{"name":"Typography","decl":{"start":{"line":12,"column":16},"end":{"line":12,"column":26}},"loc":{"start":{"line":12,"column":92},"end":{"line":24,"column":1}},"line":12}},"branchMap":{},"s":{"0":56},"f":{"0":56},"b":{},"_coverageSchema":"1a1c01bbd47fc00a2c39e90264f33305004495a9","hash":"dd169eec62b36053ff57d16f0284996168840864"}
,"D:\\projetos\\react-native\\movies-app\\src\\contexts\\AuthContext.tsx": {"path":"D:\\projetos\\react-native\\movies-app\\src\\contexts\\AuthContext.tsx","statementMap":{"0":{"start":{"line":15,"column":27},"end":{"line":15,"column":90}},"1":{"start":{"line":18,"column":48},"end":{"line":18,"column":72}},"2":{"start":{"line":19,"column":36},"end":{"line":19,"column":65}},"3":{"start":{"line":20,"column":36},"end":{"line":20,"column":51}},"4":{"start":{"line":22,"column":16},"end":{"line":22,"column":72}},"5":{"start":{"line":22,"column":22},"end":{"line":22,"column":72}},"6":{"start":{"line":22,"column":47},"end":{"line":22,"column":71}},"7":{"start":{"line":25,"column":4},"end":{"line":38,"column":5}},"8":{"start":{"line":26,"column":6},"end":{"line":26,"column":25}},"9":{"start":{"line":27,"column":6},"end":{"line":27,"column":25}},"10":{"start":{"line":28,"column":6},"end":{"line":28,"column":20}},"11":{"start":{"line":29,"column":6},"end":{"line":33,"column":7}},"12":{"start":{"line":30,"column":8},"end":{"line":30,"column":33}},"13":{"start":{"line":32,"column":8},"end":{"line":32,"column":51}},"14":{"start":{"line":35,"column":6},"end":{"line":35,"column":17}},"15":{"start":{"line":37,"column":6},"end":{"line":37,"column":26}},"16":{"start":{"line":42,"column":4},"end":{"line":46,"column":5}},"17":{"start":{"line":43,"column":6},"end":{"line":43,"column":31}},"18":{"start":{"line":45,"column":6},"end":{"line":45,"column":18}},"19":{"start":{"line":49,"column":2},"end":{"line":59,"column":3}}},"fnMap":{"0":{"name":"AuthContextProvider","decl":{"start":{"line":17,"column":16},"end":{"line":17,"column":35}},"loc":{"start":{"line":17,"column":76},"end":{"line":60,"column":1}},"line":17},"1":{"name":"(anonymous_1)","decl":{"start":{"line":22,"column":16},"end":{"line":22,"column":17}},"loc":{"start":{"line":22,"column":22},"end":{"line":22,"column":72}},"line":22},"2":{"name":"(anonymous_2)","decl":{"start":{"line":22,"column":34},"end":{"line":22,"column":35}},"loc":{"start":{"line":22,"column":47},"end":{"line":22,"column":71}},"line":22},"3":{"name":"signIn","decl":{"start":{"line":24,"column":17},"end":{"line":24,"column":23}},"loc":{"start":{"line":24,"column":56},"end":{"line":39,"column":3}},"line":24},"4":{"name":"signOut","decl":{"start":{"line":41,"column":17},"end":{"line":41,"column":24}},"loc":{"start":{"line":41,"column":27},"end":{"line":47,"column":3}},"line":41}},"branchMap":{"0":{"loc":{"start":{"line":29,"column":6},"end":{"line":33,"column":7}},"type":"if","locations":[{"start":{"line":29,"column":6},"end":{"line":33,"column":7}},{"start":{"line":31,"column":13},"end":{"line":33,"column":7}}],"line":29},"1":{"loc":{"start":{"line":29,"column":10},"end":{"line":29,"column":47}},"type":"binary-expr","locations":[{"start":{"line":29,"column":10},"end":{"line":29,"column":25}},{"start":{"line":29,"column":29},"end":{"line":29,"column":47}}],"line":29}},"s":{"0":4,"1":20,"2":20,"3":20,"4":20,"5":3,"6":3,"7":3,"8":3,"9":3,"10":3,"11":2,"12":1,"13":1,"14":0,"15":2,"16":0,"17":0,"18":0,"19":20},"f":{"0":20,"1":3,"2":3,"3":3,"4":0},"b":{"0":[1,1],"1":[2,2]},"_coverageSchema":"1a1c01bbd47fc00a2c39e90264f33305004495a9","hash":"acd712a81044ad06b9f3c5a28a59a6ca2a9de290"}
,"D:\\projetos\\react-native\\movies-app\\src\\contexts\\MovieContext.tsx": {"path":"D:\\projetos\\react-native\\movies-app\\src\\contexts\\MovieContext.tsx","statementMap":{"0":{"start":{"line":20,"column":28},"end":{"line":20,"column":93}},"1":{"start":{"line":23,"column":47},"end":{"line":23,"column":71}},"2":{"start":{"line":24,"column":30},"end":{"line":24,"column":54}},"3":{"start":{"line":25,"column":36},"end":{"line":25,"column":51}},"4":{"start":{"line":26,"column":28},"end":{"line":26,"column":59}},"5":{"start":{"line":29,"column":4},"end":{"line":38,"column":5}},"6":{"start":{"line":30,"column":6},"end":{"line":30,"column":25}},"7":{"start":{"line":31,"column":23},"end":{"line":31,"column":44}},"8":{"start":{"line":32,"column":6},"end":{"line":32,"column":26}},"9":{"start":{"line":33,"column":6},"end":{"line":33,"column":21}},"10":{"start":{"line":35,"column":6},"end":{"line":35,"column":87}},"11":{"start":{"line":37,"column":6},"end":{"line":37,"column":26}},"12":{"start":{"line":42,"column":4},"end":{"line":42,"column":41}},"13":{"start":{"line":43,"column":17},"end":{"line":43,"column":47}},"14":{"start":{"line":44,"column":4},"end":{"line":44,"column":29}},"15":{"start":{"line":48,"column":21},"end":{"line":48,"column":51}},"16":{"start":{"line":49,"column":4},"end":{"line":49,"column":33}},"17":{"start":{"line":52,"column":2},"end":{"line":54,"column":8}},"18":{"start":{"line":53,"column":4},"end":{"line":53,"column":19}},"19":{"start":{"line":56,"column":2},"end":{"line":67,"column":3}}},"fnMap":{"0":{"name":"MovieContextProvider","decl":{"start":{"line":22,"column":16},"end":{"line":22,"column":36}},"loc":{"start":{"line":22,"column":78},"end":{"line":68,"column":1}},"line":22},"1":{"name":"getAllMovies","decl":{"start":{"line":28,"column":17},"end":{"line":28,"column":29}},"loc":{"start":{"line":28,"column":32},"end":{"line":39,"column":3}},"line":28},"2":{"name":"addFavoriteMovie","decl":{"start":{"line":41,"column":17},"end":{"line":41,"column":33}},"loc":{"start":{"line":41,"column":51},"end":{"line":45,"column":3}},"line":41},"3":{"name":"getFavoriteMovies","decl":{"start":{"line":47,"column":17},"end":{"line":47,"column":34}},"loc":{"start":{"line":47,"column":37},"end":{"line":50,"column":3}},"line":47},"4":{"name":"(anonymous_4)","decl":{"start":{"line":52,"column":12},"end":{"line":52,"column":13}},"loc":{"start":{"line":52,"column":18},"end":{"line":54,"column":3}},"line":52}},"branchMap":{},"s":{"0":4,"1":49,"2":49,"3":49,"4":49,"5":13,"6":13,"7":13,"8":7,"9":7,"10":1,"11":8,"12":0,"13":0,"14":0,"15":3,"16":3,"17":49,"18":13,"19":49},"f":{"0":49,"1":13,"2":0,"3":3,"4":13},"b":{},"_coverageSchema":"1a1c01bbd47fc00a2c39e90264f33305004495a9","hash":"6c7c2baeaf5edbb84c5eb2b86c2009e6af232d8b"}
,"D:\\projetos\\react-native\\movies-app\\src\\dtos\\movie.ts": {"path":"D:\\projetos\\react-native\\movies-app\\src\\dtos\\movie.ts","statementMap":{},"fnMap":{},"branchMap":{},"s":{},"f":{},"b":{}}
,"D:\\projetos\\react-native\\movies-app\\src\\hooks\\useAuth.ts": {"path":"D:\\projetos\\react-native\\movies-app\\src\\hooks\\useAuth.ts","statementMap":{"0":{"start":{"line":5,"column":18},"end":{"line":5,"column":41}},"1":{"start":{"line":6,"column":2},"end":{"line":6,"column":17}}},"fnMap":{"0":{"name":"useAuth","decl":{"start":{"line":4,"column":16},"end":{"line":4,"column":23}},"loc":{"start":{"line":4,"column":26},"end":{"line":7,"column":1}},"line":4}},"branchMap":{},"s":{"0":66,"1":66},"f":{"0":66},"b":{},"_coverageSchema":"1a1c01bbd47fc00a2c39e90264f33305004495a9","hash":"6d5c6bd4272c1220f63ac657d1c3659291889ee4"}
,"D:\\projetos\\react-native\\movies-app\\src\\hooks\\useMovie.ts": {"path":"D:\\projetos\\react-native\\movies-app\\src\\hooks\\useMovie.ts","statementMap":{"0":{"start":{"line":5,"column":18},"end":{"line":5,"column":42}},"1":{"start":{"line":6,"column":2},"end":{"line":6,"column":17}}},"fnMap":{"0":{"name":"useMovie","decl":{"start":{"line":4,"column":16},"end":{"line":4,"column":24}},"loc":{"start":{"line":4,"column":27},"end":{"line":7,"column":1}},"line":4}},"branchMap":{},"s":{"0":27,"1":27},"f":{"0":27},"b":{},"_coverageSchema":"1a1c01bbd47fc00a2c39e90264f33305004495a9","hash":"f6e9b26ee0bac1307da11cae78031b749f777186"}
,"D:\\projetos\\react-native\\movies-app\\src\\libs\\asyncStorage\\favoriteMoviesStorage.ts": {"path":"D:\\projetos\\react-native\\movies-app\\src\\libs\\asyncStorage\\favoriteMoviesStorage.ts","statementMap":{"0":{"start":{"line":4,"column":26},"end":{"line":4,"column":44}},"1":{"start":{"line":7,"column":18},"end":{"line":7,"column":63}},"2":{"start":{"line":8,"column":19},"end":{"line":8,"column":53}},"3":{"start":{"line":9,"column":2},"end":{"line":9,"column":18}},"4":{"start":{"line":13,"column":18},"end":{"line":13,"column":48}},"5":{"start":{"line":14,"column":2},"end":{"line":14,"column":22}},"6":{"start":{"line":15,"column":2},"end":{"line":15,"column":73}},"7":{"start":{"line":20,"column":2},"end":{"line":20,"column":51}}},"fnMap":{"0":{"name":"getStorageFavoriteList","decl":{"start":{"line":6,"column":22},"end":{"line":6,"column":44}},"loc":{"start":{"line":6,"column":68},"end":{"line":10,"column":1}},"line":6},"1":{"name":"addStorageFavoriteMovie","decl":{"start":{"line":12,"column":22},"end":{"line":12,"column":45}},"loc":{"start":{"line":12,"column":63},"end":{"line":16,"column":1}},"line":12},"2":{"name":"deleteAll","decl":{"start":{"line":19,"column":22},"end":{"line":19,"column":31}},"loc":{"start":{"line":19,"column":34},"end":{"line":21,"column":1}},"line":19}},"branchMap":{"0":{"loc":{"start":{"line":8,"column":19},"end":{"line":8,"column":53}},"type":"cond-expr","locations":[{"start":{"line":8,"column":29},"end":{"line":8,"column":48}},{"start":{"line":8,"column":51},"end":{"line":8,"column":53}}],"line":8}},"s":{"0":5,"1":8,"2":8,"3":8,"4":4,"5":4,"6":4,"7":0},"f":{"0":8,"1":4,"2":0},"b":{"0":[6,2]},"_coverageSchema":"1a1c01bbd47fc00a2c39e90264f33305004495a9","hash":"e5078daa484db602b5e54d2a00fe93de7873faff"}
,"D:\\projetos\\react-native\\movies-app\\src\\routes\\app.routes.tsx": {"path":"D:\\projetos\\react-native\\movies-app\\src\\routes\\app.routes.tsx","statementMap":{"0":{"start":{"line":12,"column":14},"end":{"line":12,"column":47}},"1":{"start":{"line":15,"column":2},"end":{"line":40,"column":3}},"2":{"start":{"line":30,"column":24},"end":{"line":30,"column":34}}},"fnMap":{"0":{"name":"AppRoutes","decl":{"start":{"line":14,"column":16},"end":{"line":14,"column":25}},"loc":{"start":{"line":14,"column":28},"end":{"line":41,"column":1}},"line":14},"1":{"name":"(anonymous_1)","decl":{"start":{"line":30,"column":18},"end":{"line":30,"column":19}},"loc":{"start":{"line":30,"column":24},"end":{"line":30,"column":34}},"line":30}},"branchMap":{},"s":{"0":3,"1":4,"2":7},"f":{"0":4,"1":7},"b":{},"_coverageSchema":"1a1c01bbd47fc00a2c39e90264f33305004495a9","hash":"ff15b573cce6921744e6c96b512570a40c3b1b0a"}
,"D:\\projetos\\react-native\\movies-app\\src\\routes\\app.tabs.routes.tsx": {"path":"D:\\projetos\\react-native\\movies-app\\src\\routes\\app.tabs.routes.tsx","statementMap":{"0":{"start":{"line":12,"column":30},"end":{"line":12,"column":72}},"1":{"start":{"line":15,"column":16},"end":{"line":15,"column":26}},"2":{"start":{"line":16,"column":2},"end":{"line":48,"column":3}}},"fnMap":{"0":{"name":"AppTabsRoutes","decl":{"start":{"line":14,"column":16},"end":{"line":14,"column":29}},"loc":{"start":{"line":14,"column":32},"end":{"line":49,"column":1}},"line":14}},"branchMap":{},"s":{"0":3,"1":3,"2":3},"f":{"0":3},"b":{},"_coverageSchema":"1a1c01bbd47fc00a2c39e90264f33305004495a9","hash":"37e344015150fd9ffce6e9e643dcd8d1c848e2aa"}
,"D:\\projetos\\react-native\\movies-app\\src\\routes\\auth.routes.tsx": {"path":"D:\\projetos\\react-native\\movies-app\\src\\routes\\auth.routes.tsx","statementMap":{"0":{"start":{"line":4,"column":30},"end":{"line":4,"column":58}},"1":{"start":{"line":7,"column":2},"end":{"line":14,"column":3}}},"fnMap":{"0":{"name":"AuthRoutes","decl":{"start":{"line":6,"column":16},"end":{"line":6,"column":26}},"loc":{"start":{"line":6,"column":29},"end":{"line":15,"column":1}},"line":6}},"branchMap":{},"s":{"0":1,"1":12},"f":{"0":12},"b":{},"_coverageSchema":"1a1c01bbd47fc00a2c39e90264f33305004495a9","hash":"fcc73e91e6874b99c7fad8f1b15bc7ec698ccd03"}
,"D:\\projetos\\react-native\\movies-app\\src\\routes\\index.tsx": {"path":"D:\\projetos\\react-native\\movies-app\\src\\routes\\index.tsx","statementMap":{"0":{"start":{"line":9,"column":21},"end":{"line":9,"column":31}},"1":{"start":{"line":10,"column":30},"end":{"line":10,"column":39}},"2":{"start":{"line":12,"column":26},"end":{"line":12,"column":38}},"3":{"start":{"line":13,"column":2},"end":{"line":13,"column":52}},"4":{"start":{"line":15,"column":2},"end":{"line":19,"column":3}}},"fnMap":{"0":{"name":"Routes","decl":{"start":{"line":8,"column":16},"end":{"line":8,"column":22}},"loc":{"start":{"line":8,"column":25},"end":{"line":20,"column":1}},"line":8}},"branchMap":{"0":{"loc":{"start":{"line":17,"column":7},"end":{"line":17,"column":55}},"type":"cond-expr","locations":[{"start":{"line":17,"column":25},"end":{"line":17,"column":38}},{"start":{"line":17,"column":41},"end":{"line":17,"column":55}}],"line":17}},"s":{"0":14,"1":14,"2":14,"3":14,"4":14},"f":{"0":14},"b":{"0":[2,12]},"_coverageSchema":"1a1c01bbd47fc00a2c39e90264f33305004495a9","hash":"5e892448283100a887ec0272406067a6eeaca606"}
,"D:\\projetos\\react-native\\movies-app\\src\\screens\\AllMovies\\index.tsx": {"path":"D:\\projetos\\react-native\\movies-app\\src\\screens\\AllMovies\\index.tsx","statementMap":{"0":{"start":{"line":14,"column":6},"end":{"line":14,"column":16}},"1":{"start":{"line":15,"column":23},"end":{"line":15,"column":38}},"2":{"start":{"line":17,"column":2},"end":{"line":17,"column":35}},"3":{"start":{"line":17,"column":17},"end":{"line":17,"column":35}},"4":{"start":{"line":19,"column":2},"end":{"line":23,"column":3}},"5":{"start":{"line":19,"column":13},"end":{"line":23,"column":3}},"6":{"start":{"line":25,"column":2},"end":{"line":44,"column":4}},"7":{"start":{"line":29,"column":32},"end":{"line":29,"column":47}},"8":{"start":{"line":32,"column":10},"end":{"line":36,"column":12}},"9":{"start":{"line":35,"column":27},"end":{"line":35,"column":68}}},"fnMap":{"0":{"name":"AllMovies","decl":{"start":{"line":9,"column":16},"end":{"line":9,"column":25}},"loc":{"start":{"line":9,"column":28},"end":{"line":45,"column":1}},"line":9},"1":{"name":"(anonymous_1)","decl":{"start":{"line":29,"column":22},"end":{"line":29,"column":23}},"loc":{"start":{"line":29,"column":32},"end":{"line":29,"column":47}},"line":29},"2":{"name":"(anonymous_2)","decl":{"start":{"line":31,"column":20},"end":{"line":31,"column":21}},"loc":{"start":{"line":32,"column":10},"end":{"line":36,"column":12}},"line":32},"3":{"name":"(anonymous_3)","decl":{"start":{"line":35,"column":21},"end":{"line":35,"column":22}},"loc":{"start":{"line":35,"column":27},"end":{"line":35,"column":68}},"line":35}},"branchMap":{"0":{"loc":{"start":{"line":17,"column":2},"end":{"line":17,"column":35}},"type":"if","locations":[{"start":{"line":17,"column":2},"end":{"line":17,"column":35}},{"start":{},"end":{}}],"line":17},"1":{"loc":{"start":{"line":19,"column":2},"end":{"line":23,"column":3}},"type":"if","locations":[{"start":{"line":19,"column":2},"end":{"line":23,"column":3}},{"start":{},"end":{}}],"line":19}},"s":{"0":17,"1":17,"2":17,"3":8,"4":9,"5":1,"6":8,"7":43,"8":35,"9":1},"f":{"0":17,"1":43,"2":35,"3":1},"b":{"0":[8,9],"1":[1,8]},"_coverageSchema":"1a1c01bbd47fc00a2c39e90264f33305004495a9","hash":"1389a2b28c712ad919f31dc9b6dc05f543a046f1"}
,"D:\\projetos\\react-native\\movies-app\\src\\screens\\FavoriteMovies\\index.tsx": {"path":"D:\\projetos\\react-native\\movies-app\\src\\screens\\FavoriteMovies\\index.tsx","statementMap":{"0":{"start":{"line":9,"column":23},"end":{"line":9,"column":38}},"1":{"start":{"line":10,"column":59},"end":{"line":10,"column":69}},"2":{"start":{"line":12,"column":2},"end":{"line":12,"column":36}},"3":{"start":{"line":12,"column":17},"end":{"line":12,"column":36}},"4":{"start":{"line":14,"column":2},"end":{"line":16,"column":8}},"5":{"start":{"line":15,"column":4},"end":{"line":15,"column":24}},"6":{"start":{"line":18,"column":2},"end":{"line":37,"column":4}},"7":{"start":{"line":22,"column":32},"end":{"line":22,"column":47}},"8":{"start":{"line":25,"column":10},"end":{"line":29,"column":12}},"9":{"start":{"line":28,"column":27},"end":{"line":28,"column":68}}},"fnMap":{"0":{"name":"FavoriteMovies","decl":{"start":{"line":8,"column":16},"end":{"line":8,"column":30}},"loc":{"start":{"line":8,"column":33},"end":{"line":38,"column":1}},"line":8},"1":{"name":"(anonymous_1)","decl":{"start":{"line":14,"column":12},"end":{"line":14,"column":13}},"loc":{"start":{"line":14,"column":18},"end":{"line":16,"column":3}},"line":14},"2":{"name":"(anonymous_2)","decl":{"start":{"line":22,"column":22},"end":{"line":22,"column":23}},"loc":{"start":{"line":22,"column":32},"end":{"line":22,"column":47}},"line":22},"3":{"name":"(anonymous_3)","decl":{"start":{"line":24,"column":20},"end":{"line":24,"column":21}},"loc":{"start":{"line":25,"column":10},"end":{"line":29,"column":12}},"line":25},"4":{"name":"(anonymous_4)","decl":{"start":{"line":28,"column":21},"end":{"line":28,"column":22}},"loc":{"start":{"line":28,"column":27},"end":{"line":28,"column":68}},"line":28}},"branchMap":{"0":{"loc":{"start":{"line":12,"column":2},"end":{"line":12,"column":36}},"type":"if","locations":[{"start":{"line":12,"column":2},"end":{"line":12,"column":36}},{"start":{},"end":{}}],"line":12}},"s":{"0":9,"1":9,"2":9,"3":5,"4":4,"5":3,"6":4,"7":6,"8":4,"9":0},"f":{"0":9,"1":3,"2":6,"3":4,"4":0},"b":{"0":[5,4]},"_coverageSchema":"1a1c01bbd47fc00a2c39e90264f33305004495a9","hash":"e808100b9fcc2b23ebca9438219dd5e8d6bc00d8"}
,"D:\\projetos\\react-native\\movies-app\\src\\screens\\MovieDetails\\index.tsx": {"path":"D:\\projetos\\react-native\\movies-app\\src\\screens\\MovieDetails\\index.tsx","statementMap":{"0":{"start":{"line":28,"column":48},"end":{"line":28,"column":62}},"1":{"start":{"line":29,"column":38},"end":{"line":29,"column":53}},"2":{"start":{"line":30,"column":26},"end":{"line":30,"column":36}},"3":{"start":{"line":31,"column":20},"end":{"line":31,"column":61}},"4":{"start":{"line":32,"column":16},"end":{"line":32,"column":26}},"5":{"start":{"line":36,"column":6},"end":{"line":36,"column":16}},"6":{"start":{"line":38,"column":23},"end":{"line":47,"column":8}},"7":{"start":{"line":39,"column":20},"end":{"line":39,"column":53}},"8":{"start":{"line":40,"column":22},"end":{"line":40,"column":24}},"9":{"start":{"line":42,"column":4},"end":{"line":46,"column":5}},"10":{"start":{"line":43,"column":6},"end":{"line":43,"column":32}},"11":{"start":{"line":45,"column":6},"end":{"line":45,"column":31}},"12":{"start":{"line":50,"column":20},"end":{"line":50,"column":65}},"13":{"start":{"line":50,"column":47},"end":{"line":50,"column":64}},"14":{"start":{"line":51,"column":4},"end":{"line":51,"column":24}},"15":{"start":{"line":51,"column":17},"end":{"line":51,"column":24}},"16":{"start":{"line":52,"column":4},"end":{"line":52,"column":34}},"17":{"start":{"line":53,"column":4},"end":{"line":53,"column":24}},"18":{"start":{"line":57,"column":20},"end":{"line":57,"column":65}},"19":{"start":{"line":57,"column":47},"end":{"line":57,"column":64}},"20":{"start":{"line":58,"column":4},"end":{"line":62,"column":5}},"21":{"start":{"line":59,"column":6},"end":{"line":59,"column":26}},"22":{"start":{"line":61,"column":6},"end":{"line":61,"column":27}},"23":{"start":{"line":65,"column":2},"end":{"line":82,"column":71}},"24":{"start":{"line":66,"column":4},"end":{"line":66,"column":25}},"25":{"start":{"line":67,"column":4},"end":{"line":81,"column":7}},"26":{"start":{"line":72,"column":25},"end":{"line":72,"column":146}},"27":{"start":{"line":74,"column":8},"end":{"line":76,"column":32}},"28":{"start":{"line":74,"column":67},"end":{"line":74,"column":86}},"29":{"start":{"line":78,"column":8},"end":{"line":80,"column":36}},"30":{"start":{"line":78,"column":75},"end":{"line":78,"column":94}},"31":{"start":{"line":84,"column":2},"end":{"line":133,"column":4}}},"fnMap":{"0":{"name":"MovieDetails","decl":{"start":{"line":27,"column":16},"end":{"line":27,"column":28}},"loc":{"start":{"line":27,"column":65},"end":{"line":134,"column":1}},"line":27},"1":{"name":"(anonymous_1)","decl":{"start":{"line":38,"column":35},"end":{"line":38,"column":36}},"loc":{"start":{"line":38,"column":87},"end":{"line":47,"column":3}},"line":38},"2":{"name":"handleAddFavorite","decl":{"start":{"line":49,"column":17},"end":{"line":49,"column":34}},"loc":{"start":{"line":49,"column":37},"end":{"line":54,"column":3}},"line":49},"3":{"name":"(anonymous_3)","decl":{"start":{"line":50,"column":40},"end":{"line":50,"column":41}},"loc":{"start":{"line":50,"column":47},"end":{"line":50,"column":64}},"line":50},"4":{"name":"getIfFavoriteMovie","decl":{"start":{"line":56,"column":17},"end":{"line":56,"column":35}},"loc":{"start":{"line":56,"column":38},"end":{"line":63,"column":3}},"line":56},"5":{"name":"(anonymous_5)","decl":{"start":{"line":57,"column":40},"end":{"line":57,"column":41}},"loc":{"start":{"line":57,"column":47},"end":{"line":57,"column":64}},"line":57},"6":{"name":"(anonymous_6)","decl":{"start":{"line":65,"column":12},"end":{"line":65,"column":13}},"loc":{"start":{"line":65,"column":18},"end":{"line":82,"column":3}},"line":65},"7":{"name":"(anonymous_7)","decl":{"start":{"line":72,"column":19},"end":{"line":72,"column":20}},"loc":{"start":{"line":72,"column":25},"end":{"line":72,"column":146}},"line":72},"8":{"name":"(anonymous_8)","decl":{"start":{"line":73,"column":18},"end":{"line":73,"column":19}},"loc":{"start":{"line":74,"column":8},"end":{"line":76,"column":32}},"line":74},"9":{"name":"(anonymous_9)","decl":{"start":{"line":74,"column":61},"end":{"line":74,"column":62}},"loc":{"start":{"line":74,"column":67},"end":{"line":74,"column":86}},"line":74},"10":{"name":"(anonymous_10)","decl":{"start":{"line":77,"column":19},"end":{"line":77,"column":20}},"loc":{"start":{"line":78,"column":8},"end":{"line":80,"column":36}},"line":78},"11":{"name":"(anonymous_11)","decl":{"start":{"line":78,"column":69},"end":{"line":78,"column":70}},"loc":{"start":{"line":78,"column":75},"end":{"line":78,"column":94}},"line":78}},"branchMap":{"0":{"loc":{"start":{"line":42,"column":4},"end":{"line":46,"column":5}},"type":"if","locations":[{"start":{"line":42,"column":4},"end":{"line":46,"column":5}},{"start":{"line":44,"column":11},"end":{"line":46,"column":5}}],"line":42},"1":{"loc":{"start":{"line":51,"column":4},"end":{"line":51,"column":24}},"type":"if","locations":[{"start":{"line":51,"column":4},"end":{"line":51,"column":24}},{"start":{},"end":{}}],"line":51},"2":{"loc":{"start":{"line":58,"column":4},"end":{"line":62,"column":5}},"type":"if","locations":[{"start":{"line":58,"column":4},"end":{"line":62,"column":5}},{"start":{"line":60,"column":11},"end":{"line":62,"column":5}}],"line":58},"3":{"loc":{"start":{"line":72,"column":107},"end":{"line":72,"column":142}},"type":"cond-expr","locations":[{"start":{"line":72,"column":126},"end":{"line":72,"column":137}},{"start":{"line":72,"column":140},"end":{"line":72,"column":142}}],"line":72},"4":{"loc":{"start":{"line":75,"column":85},"end":{"line":75,"column":138}},"type":"cond-expr","locations":[{"start":{"line":75,"column":98},"end":{"line":75,"column":117}},{"start":{"line":75,"column":120},"end":{"line":75,"column":138}}],"line":75},"5":{"loc":{"start":{"line":79,"column":53},"end":{"line":79,"column":106}},"type":"cond-expr","locations":[{"start":{"line":79,"column":66},"end":{"line":79,"column":85}},{"start":{"line":79,"column":88},"end":{"line":79,"column":106}}],"line":79}},"s":{"0":1,"1":1,"2":1,"3":1,"4":1,"5":1,"6":1,"7":0,"8":0,"9":0,"10":0,"11":0,"12":0,"13":0,"14":0,"15":0,"16":0,"17":0,"18":1,"19":0,"20":1,"21":0,"22":1,"23":1,"24":1,"25":1,"26":1,"27":1,"28":0,"29":1,"30":0,"31":1},"f":{"0":1,"1":0,"2":0,"3":0,"4":1,"5":0,"6":1,"7":1,"8":1,"9":0,"10":1,"11":0},"b":{"0":[0,0],"1":[0,0],"2":[0,1],"3":[0,1],"4":[0,1],"5":[0,1]},"_coverageSchema":"1a1c01bbd47fc00a2c39e90264f33305004495a9","hash":"d8ecb0b9e3a377a07753490e29dba2936bafd530"}
,"D:\\projetos\\react-native\\movies-app\\src\\screens\\SignIn\\index.tsx": {"path":"D:\\projetos\\react-native\\movies-app\\src\\screens\\SignIn\\index.tsx","statementMap":{"0":{"start":{"line":20,"column":21},"end":{"line":23,"column":2}},"1":{"start":{"line":26,"column":30},"end":{"line":26,"column":54}},"2":{"start":{"line":27,"column":43},"end":{"line":27,"column":52}},"3":{"start":{"line":28,"column":16},"end":{"line":28,"column":26}},"4":{"start":{"line":29,"column":50},"end":{"line":29,"column":65}},"5":{"start":{"line":30,"column":22},"end":{"line":30,"column":45}},"6":{"start":{"line":32,"column":76},"end":{"line":34,"column":4}},"7":{"start":{"line":35,"column":24},"end":{"line":35,"column":51}},"8":{"start":{"line":38,"column":4},"end":{"line":38,"column":69}},"9":{"start":{"line":38,"column":46},"end":{"line":38,"column":69}},"10":{"start":{"line":39,"column":4},"end":{"line":39,"column":27}},"11":{"start":{"line":43,"column":4},"end":{"line":47,"column":5}},"12":{"start":{"line":44,"column":6},"end":{"line":44,"column":29}},"13":{"start":{"line":46,"column":6},"end":{"line":46,"column":18}},"14":{"start":{"line":50,"column":2},"end":{"line":68,"column":9}},"15":{"start":{"line":51,"column":36},"end":{"line":56,"column":5}},"16":{"start":{"line":54,"column":8},"end":{"line":54,"column":33}},"17":{"start":{"line":57,"column":36},"end":{"line":62,"column":5}},"18":{"start":{"line":60,"column":8},"end":{"line":60,"column":34}},"19":{"start":{"line":64,"column":4},"end":{"line":67,"column":6}},"20":{"start":{"line":65,"column":6},"end":{"line":65,"column":39}},"21":{"start":{"line":66,"column":6},"end":{"line":66,"column":39}},"22":{"start":{"line":70,"column":2},"end":{"line":75,"column":17}},"23":{"start":{"line":71,"column":4},"end":{"line":74,"column":5}},"24":{"start":{"line":72,"column":6},"end":{"line":72,"column":46}},"25":{"start":{"line":73,"column":6},"end":{"line":73,"column":50}},"26":{"start":{"line":77,"column":2},"end":{"line":79,"column":21}},"27":{"start":{"line":78,"column":4},"end":{"line":78,"column":19}},"28":{"start":{"line":81,"column":2},"end":{"line":148,"column":4}},"29":{"start":{"line":98,"column":10},"end":{"line":108,"column":12}},"30":{"start":{"line":107,"column":35},"end":{"line":107,"column":63}},"31":{"start":{"line":116,"column":10},"end":{"line":128,"column":12}}},"fnMap":{"0":{"name":"SignIn","decl":{"start":{"line":25,"column":16},"end":{"line":25,"column":22}},"loc":{"start":{"line":25,"column":25},"end":{"line":149,"column":1}},"line":25},"1":{"name":"disableButton","decl":{"start":{"line":37,"column":11},"end":{"line":37,"column":24}},"loc":{"start":{"line":37,"column":27},"end":{"line":40,"column":3}},"line":37},"2":{"name":"handleSignUp","decl":{"start":{"line":42,"column":11},"end":{"line":42,"column":23}},"loc":{"start":{"line":42,"column":59},"end":{"line":48,"column":3}},"line":42},"3":{"name":"(anonymous_3)","decl":{"start":{"line":50,"column":12},"end":{"line":50,"column":13}},"loc":{"start":{"line":50,"column":18},"end":{"line":68,"column":3}},"line":50},"4":{"name":"(anonymous_4)","decl":{"start":{"line":53,"column":6},"end":{"line":53,"column":7}},"loc":{"start":{"line":53,"column":12},"end":{"line":55,"column":7}},"line":53},"5":{"name":"(anonymous_5)","decl":{"start":{"line":59,"column":6},"end":{"line":59,"column":7}},"loc":{"start":{"line":59,"column":12},"end":{"line":61,"column":7}},"line":59},"6":{"name":"(anonymous_6)","decl":{"start":{"line":64,"column":11},"end":{"line":64,"column":12}},"loc":{"start":{"line":64,"column":17},"end":{"line":67,"column":5}},"line":64},"7":{"name":"(anonymous_7)","decl":{"start":{"line":70,"column":12},"end":{"line":70,"column":13}},"loc":{"start":{"line":70,"column":18},"end":{"line":75,"column":3}},"line":70},"8":{"name":"(anonymous_8)","decl":{"start":{"line":77,"column":12},"end":{"line":77,"column":13}},"loc":{"start":{"line":77,"column":18},"end":{"line":79,"column":3}},"line":77},"9":{"name":"(anonymous_9)","decl":{"start":{"line":97,"column":16},"end":{"line":97,"column":17}},"loc":{"start":{"line":98,"column":10},"end":{"line":108,"column":12}},"line":98},"10":{"name":"(anonymous_10)","decl":{"start":{"line":107,"column":29},"end":{"line":107,"column":30}},"loc":{"start":{"line":107,"column":35},"end":{"line":107,"column":63}},"line":107},"11":{"name":"(anonymous_11)","decl":{"start":{"line":115,"column":16},"end":{"line":115,"column":17}},"loc":{"start":{"line":116,"column":10},"end":{"line":128,"column":12}},"line":116}},"branchMap":{"0":{"loc":{"start":{"line":38,"column":4},"end":{"line":38,"column":69}},"type":"if","locations":[{"start":{"line":38,"column":4},"end":{"line":38,"column":69}},{"start":{},"end":{}}],"line":38},"1":{"loc":{"start":{"line":38,"column":8},"end":{"line":38,"column":44}},"type":"binary-expr","locations":[{"start":{"line":38,"column":8},"end":{"line":38,"column":24}},{"start":{"line":38,"column":28},"end":{"line":38,"column":44}}],"line":38},"2":{"loc":{"start":{"line":71,"column":4},"end":{"line":74,"column":5}},"type":"if","locations":[{"start":{"line":71,"column":4},"end":{"line":74,"column":5}},{"start":{},"end":{}}],"line":71},"3":{"loc":{"start":{"line":84,"column":8},"end":{"line":90,"column":9}},"type":"binary-expr","locations":[{"start":{"line":84,"column":8},"end":{"line":84,"column":26}},{"start":{"line":85,"column":10},"end":{"line":89,"column":12}}],"line":84}},"s":{"0":1,"1":45,"2":45,"3":45,"4":45,"5":45,"6":45,"7":45,"8":30,"9":19,"10":11,"11":3,"12":3,"13":0,"14":45,"15":7,"16":0,"17":7,"18":0,"19":7,"20":7,"21":7,"22":45,"23":8,"24":1,"25":1,"26":45,"27":30,"28":45,"29":30,"30":0,"31":30},"f":{"0":45,"1":30,"2":3,"3":7,"4":0,"5":0,"6":7,"7":8,"8":30,"9":30,"10":0,"11":30},"b":{"0":[19,11],"1":[30,19],"2":[1,7],"3":[45,45]},"_coverageSchema":"1a1c01bbd47fc00a2c39e90264f33305004495a9","hash":"4182210ead45aae2e708ca159109991d467a3c08"}
,"D:\\projetos\\react-native\\movies-app\\src\\services\\api.ts": {"path":"D:\\projetos\\react-native\\movies-app\\src\\services\\api.ts","statementMap":{"0":{"start":{"line":3,"column":16},"end":{"line":3,"column":46}},"1":{"start":{"line":4,"column":12},"end":{"line":4,"column":42}},"2":{"start":{"line":6,"column":19},"end":{"line":12,"column":2}}},"fnMap":{},"branchMap":{},"s":{"0":5,"1":5,"2":5},"f":{},"b":{},"_coverageSchema":"1a1c01bbd47fc00a2c39e90264f33305004495a9","hash":"3f9863dc579036328ed72784d4f89af26533dcb4"}
,"D:\\projetos\\react-native\\movies-app\\src\\services\\getMoviesList.ts": {"path":"D:\\projetos\\react-native\\movies-app\\src\\services\\getMoviesList.ts","statementMap":{"0":{"start":{"line":5,"column":2},"end":{"line":10,"column":3}},"1":{"start":{"line":6,"column":27},"end":{"line":6,"column":69}},"2":{"start":{"line":7,"column":4},"end":{"line":7,"column":24}},"3":{"start":{"line":9,"column":4},"end":{"line":9,"column":16}}},"fnMap":{"0":{"name":"getMoviesList","decl":{"start":{"line":4,"column":22},"end":{"line":4,"column":35}},"loc":{"start":{"line":4,"column":38},"end":{"line":11,"column":1}},"line":4}},"branchMap":{},"s":{"0":14,"1":14,"2":8,"3":1},"f":{"0":14},"b":{},"_coverageSchema":"1a1c01bbd47fc00a2c39e90264f33305004495a9","hash":"f99a6ea6f334cf2ae9c6bf554f89117790a941ae"}
,"D:\\projetos\\react-native\\movies-app\\src\\theme\\index.ts": {"path":"D:\\projetos\\react-native\\movies-app\\src\\theme\\index.ts","statementMap":{},"fnMap":{},"branchMap":{},"s":{},"f":{},"b":{},"_coverageSchema":"1a1c01bbd47fc00a2c39e90264f33305004495a9","hash":"982c9b5f3447f2b2cf7a2191f33932edfad1fd49"}
,"D:\\projetos\\react-native\\movies-app\\src\\utils\\AppError.ts": {"path":"D:\\projetos\\react-native\\movies-app\\src\\utils\\AppError.ts","statementMap":{"0":{"start":{"line":5,"column":4},"end":{"line":5,"column":26}}},"fnMap":{"0":{"name":"(anonymous_0)","decl":{"start":{"line":4,"column":2},"end":{"line":4,"column":3}},"loc":{"start":{"line":4,"column":31},"end":{"line":6,"column":3}},"line":4}},"branchMap":{},"s":{"0":1},"f":{"0":1},"b":{},"_coverageSchema":"1a1c01bbd47fc00a2c39e90264f33305004495a9","hash":"75674015e7030c6f1b11ecf125ba40daf85a1198"}
}
