TN:
SF:src\components\Button\index.tsx
FN:11,Button
FNF:1
FNH:1
FNDA:30,Button
DA:12,30
LF:1
LH:1
BRDA:11,0,0,0
BRDA:11,1,0,0
BRDA:18,2,0,7
BRDA:18,2,1,23
BRF:4
BRH:2
end_of_record
TN:
SF:src\components\ButtonIcon\index.tsx
FN:13,CustomIcon
FNF:1
FNH:1
FNDA:13,CustomIcon
DA:14,13
DA:15,13
LF:2
LH:2
BRDA:20,0,0,13
BRDA:20,0,1,0
BRDA:21,1,0,1
BRDA:21,1,1,12
BRF:4
BRH:3
end_of_record
TN:
SF:src\components\Header\index.tsx
FN:11,Header
FN:33,(anonymous_1)
FNF:2
FNH:1
FNDA:7,Header
FNDA:0,(anonymous_1)
DA:12,7
DA:13,7
DA:14,7
DA:33,0
LF:4
LH:3
BRF:0
BRH:0
end_of_record
TN:
SF:src\components\Input\index.tsx
FN:15,(anonymous_0)
FN:40,(anonymous_1)
FN:41,(anonymous_2)
FN:51,(anonymous_3)
FNF:4
FNH:1
FNDA:60,(anonymous_0)
FNDA:0,(anonymous_1)
FNDA:0,(anonymous_2)
FNDA:0,(anonymous_3)
DA:15,1
DA:16,60
DA:17,60
DA:18,60
DA:40,0
DA:41,0
DA:51,0
LF:7
LH:4
BRDA:15,0,0,60
BRDA:30,1,0,60
BRDA:30,1,1,38
BRDA:65,2,0,60
BRDA:65,2,1,6
BRF:5
BRH:5
end_of_record
TN:
SF:src\components\Loading\index.tsx
FN:9,Loading
FNF:1
FNH:1
FNDA:20,Loading
DA:10,20
LF:1
LH:1
BRF:0
BRH:0
end_of_record
TN:
SF:src\components\MovieInfo\index.tsx
FN:15,MovieInfo
FNF:1
FNH:1
FNDA:4,MovieInfo
DA:16,4
DA:17,4
LF:2
LH:2
BRF:0
BRH:0
end_of_record
TN:
SF:src\components\MoviePoster\index.tsx
FN:8,MoviePoster
FNF:1
FNH:1
FNDA:39,MoviePoster
DA:9,39
LF:1
LH:1
BRF:0
BRH:0
end_of_record
TN:
SF:src\components\NetInfo\index.tsx
FN:6,NetInfo
FNF:1
FNH:0
FNDA:0,NetInfo
DA:7,0
DA:8,0
LF:2
LH:0
BRF:0
BRH:0
end_of_record
TN:
SF:src\components\Typography\index.tsx
FN:12,Typography
FNF:1
FNH:1
FNDA:56,Typography
DA:13,56
LF:1
LH:1
BRF:0
BRH:0
end_of_record
TN:
SF:src\contexts\AuthContext.tsx
FN:17,AuthContextProvider
FN:22,(anonymous_1)
FN:22,(anonymous_2)
FN:24,signIn
FN:41,signOut
FNF:5
FNH:4
FNDA:20,AuthContextProvider
FNDA:3,(anonymous_1)
FNDA:3,(anonymous_2)
FNDA:3,signIn
FNDA:0,signOut
DA:15,4
DA:18,20
DA:19,20
DA:20,20
DA:22,20
DA:25,3
DA:26,3
DA:27,3
DA:28,3
DA:29,2
DA:30,1
DA:32,1
DA:35,0
DA:37,2
DA:42,0
DA:43,0
DA:45,0
DA:49,20
LF:18
LH:14
BRDA:29,0,0,1
BRDA:29,0,1,1
BRDA:29,1,0,2
BRDA:29,1,1,2
BRF:4
BRH:4
end_of_record
TN:
SF:src\contexts\MovieContext.tsx
FN:22,MovieContextProvider
FN:28,getAllMovies
FN:41,addFavoriteMovie
FN:47,getFavoriteMovies
FN:52,(anonymous_4)
FNF:5
FNH:4
FNDA:49,MovieContextProvider
FNDA:13,getAllMovies
FNDA:0,addFavoriteMovie
FNDA:3,getFavoriteMovies
FNDA:13,(anonymous_4)
DA:20,4
DA:23,49
DA:24,49
DA:25,49
DA:26,49
DA:29,13
DA:30,13
DA:31,13
DA:32,7
DA:33,7
DA:35,1
DA:37,8
DA:42,0
DA:43,0
DA:44,0
DA:48,3
DA:49,3
DA:52,49
DA:53,13
DA:56,49
LF:20
LH:17
BRF:0
BRH:0
end_of_record
TN:
SF:src\dtos\movie.ts
FNF:0
FNH:0
LF:0
LH:0
BRF:0
BRH:0
end_of_record
TN:
SF:src\hooks\useAuth.ts
FN:4,useAuth
FNF:1
FNH:1
FNDA:66,useAuth
DA:5,66
DA:6,66
LF:2
LH:2
BRF:0
BRH:0
end_of_record
TN:
SF:src\hooks\useMovie.ts
FN:4,useMovie
FNF:1
FNH:1
FNDA:27,useMovie
DA:5,27
DA:6,27
LF:2
LH:2
BRF:0
BRH:0
end_of_record
TN:
SF:src\libs\asyncStorage\favoriteMoviesStorage.ts
FN:6,getStorageFavoriteList
FN:12,addStorageFavoriteMovie
FN:19,deleteAll
FNF:3
FNH:2
FNDA:8,getStorageFavoriteList
FNDA:4,addStorageFavoriteMovie
FNDA:0,deleteAll
DA:4,5
DA:7,8
DA:8,8
DA:9,8
DA:13,4
DA:14,4
DA:15,4
DA:20,0
LF:8
LH:7
BRDA:8,0,0,6
BRDA:8,0,1,2
BRF:2
BRH:2
end_of_record
TN:
SF:src\routes\app.routes.tsx
FN:14,AppRoutes
FN:30,(anonymous_1)
FNF:2
FNH:2
FNDA:4,AppRoutes
FNDA:7,(anonymous_1)
DA:12,3
DA:15,4
DA:30,7
LF:3
LH:3
BRF:0
BRH:0
end_of_record
TN:
SF:src\routes\app.tabs.routes.tsx
FN:14,AppTabsRoutes
FNF:1
FNH:1
FNDA:3,AppTabsRoutes
DA:12,3
DA:15,3
DA:16,3
LF:3
LH:3
BRF:0
BRH:0
end_of_record
TN:
SF:src\routes\auth.routes.tsx
FN:6,AuthRoutes
FNF:1
FNH:1
FNDA:12,AuthRoutes
DA:4,1
DA:7,12
LF:2
LH:2
BRF:0
BRH:0
end_of_record
TN:
SF:src\routes\index.tsx
FN:8,Routes
FNF:1
FNH:1
FNDA:14,Routes
DA:9,14
DA:10,14
DA:12,14
DA:13,14
DA:15,14
LF:5
LH:5
BRDA:17,0,0,2
BRDA:17,0,1,12
BRF:2
BRH:2
end_of_record
TN:
SF:src\screens\AllMovies\index.tsx
FN:9,AllMovies
FN:29,(anonymous_1)
FN:31,(anonymous_2)
FN:35,(anonymous_3)
FNF:4
FNH:4
FNDA:17,AllMovies
FNDA:43,(anonymous_1)
FNDA:35,(anonymous_2)
FNDA:1,(anonymous_3)
DA:14,17
DA:15,17
DA:17,17
DA:19,9
DA:25,8
DA:29,43
DA:32,35
DA:35,1
LF:8
LH:8
BRDA:17,0,0,8
BRDA:17,0,1,9
BRDA:19,1,0,1
BRDA:19,1,1,8
BRF:4
BRH:4
end_of_record
TN:
SF:src\screens\FavoriteMovies\index.tsx
FN:8,FavoriteMovies
FN:14,(anonymous_1)
FN:22,(anonymous_2)
FN:24,(anonymous_3)
FN:28,(anonymous_4)
FNF:5
FNH:4
FNDA:9,FavoriteMovies
FNDA:3,(anonymous_1)
FNDA:6,(anonymous_2)
FNDA:4,(anonymous_3)
FNDA:0,(anonymous_4)
DA:9,9
DA:10,9
DA:12,9
DA:14,4
DA:15,3
DA:18,4
DA:22,6
DA:25,4
DA:28,0
LF:9
LH:8
BRDA:12,0,0,5
BRDA:12,0,1,4
BRF:2
BRH:2
end_of_record
TN:
SF:src\screens\MovieDetails\index.tsx
FN:27,MovieDetails
FN:38,(anonymous_1)
FN:49,handleAddFavorite
FN:50,(anonymous_3)
FN:56,getIfFavoriteMovie
FN:57,(anonymous_5)
FN:65,(anonymous_6)
FN:72,(anonymous_7)
FN:73,(anonymous_8)
FN:74,(anonymous_9)
FN:77,(anonymous_10)
FN:78,(anonymous_11)
FNF:12
FNH:6
FNDA:1,MovieDetails
FNDA:0,(anonymous_1)
FNDA:0,handleAddFavorite
FNDA:0,(anonymous_3)
FNDA:1,getIfFavoriteMovie
FNDA:0,(anonymous_5)
FNDA:1,(anonymous_6)
FNDA:1,(anonymous_7)
FNDA:1,(anonymous_8)
FNDA:0,(anonymous_9)
FNDA:1,(anonymous_10)
FNDA:0,(anonymous_11)
DA:28,1
DA:29,1
DA:30,1
DA:31,1
DA:32,1
DA:36,1
DA:38,1
DA:39,0
DA:40,0
DA:42,0
DA:43,0
DA:45,0
DA:50,0
DA:51,0
DA:52,0
DA:53,0
DA:57,1
DA:58,1
DA:59,0
DA:61,1
DA:65,1
DA:66,1
DA:67,1
DA:72,1
DA:74,1
DA:78,1
DA:84,1
LF:27
LH:17
BRDA:42,0,0,0
BRDA:42,0,1,0
BRDA:51,1,0,0
BRDA:51,1,1,0
BRDA:58,2,0,0
BRDA:58,2,1,1
BRDA:72,3,0,0
BRDA:72,3,1,1
BRDA:75,4,0,0
BRDA:75,4,1,1
BRDA:79,5,0,0
BRDA:79,5,1,1
BRF:12
BRH:4
end_of_record
TN:
SF:src\screens\SignIn\index.tsx
FN:25,SignIn
FN:37,disableButton
FN:42,handleSignUp
FN:50,(anonymous_3)
FN:53,(anonymous_4)
FN:59,(anonymous_5)
FN:64,(anonymous_6)
FN:70,(anonymous_7)
FN:77,(anonymous_8)
FN:97,(anonymous_9)
FN:107,(anonymous_10)
FN:115,(anonymous_11)
FNF:12
FNH:9
FNDA:45,SignIn
FNDA:30,disableButton
FNDA:3,handleSignUp
FNDA:7,(anonymous_3)
FNDA:0,(anonymous_4)
FNDA:0,(anonymous_5)
FNDA:7,(anonymous_6)
FNDA:8,(anonymous_7)
FNDA:30,(anonymous_8)
FNDA:30,(anonymous_9)
FNDA:0,(anonymous_10)
FNDA:30,(anonymous_11)
DA:20,1
DA:26,45
DA:27,45
DA:28,45
DA:29,45
DA:30,45
DA:32,45
DA:35,45
DA:38,30
DA:39,11
DA:43,3
DA:44,3
DA:46,0
DA:50,45
DA:51,7
DA:54,0
DA:57,7
DA:60,0
DA:64,7
DA:65,7
DA:66,7
DA:70,45
DA:71,8
DA:72,1
DA:73,1
DA:77,45
DA:78,30
DA:81,45
DA:98,30
DA:107,0
DA:116,30
LF:31
LH:27
BRDA:38,0,0,19
BRDA:38,0,1,11
BRDA:38,1,0,30
BRDA:38,1,1,19
BRDA:71,2,0,1
BRDA:71,2,1,7
BRDA:84,3,0,45
BRDA:84,3,1,45
BRF:8
BRH:8
end_of_record
TN:
SF:src\services\api.ts
FNF:0
FNH:0
DA:3,5
DA:4,5
DA:6,5
LF:3
LH:3
BRF:0
BRH:0
end_of_record
TN:
SF:src\services\getMoviesList.ts
FN:4,getMoviesList
FNF:1
FNH:1
FNDA:14,getMoviesList
DA:5,14
DA:6,14
DA:7,8
DA:9,1
LF:4
LH:4
BRF:0
BRH:0
end_of_record
TN:
SF:src\theme\index.ts
FNF:0
FNH:0
LF:0
LH:0
BRF:0
BRH:0
end_of_record
TN:
SF:src\utils\AppError.ts
FN:4,(anonymous_0)
FNF:1
FNH:1
FNDA:1,(anonymous_0)
DA:5,1
LF:1
LH:1
BRF:0
BRH:0
end_of_record
